<?xml version="1.0" encoding="UTF-8"?>
<!-- Generated by org.testng.reporters.JUnitXMLReporter -->
<testsuite hostname="pinaki-PC" ignored="1" name="Default test" tests="1" failures="0" timestamp="05 Jun 2018 04:16:20 GMT" time="23.015" errors="0">
  <testcase name="navigateToFragmentSearch" time="22.968" classname="com.org.UI5ExploredBasicStep.NavigateTest"/>
  <testcase name="navigateToMVCSearch" time="0.0" classname="com.org.UI5ExploredBasicStep.NavigateTest">
    <ignored/>
  </testcase> <!-- navigateToMVCSearch -->
</testsuite> <!-- Default test -->
