<?xml version="1.0" encoding="UTF-8"?>
<!-- Generated by org.testng.reporters.JUnitXMLReporter -->
<testsuite hostname="pinaki-PC" ignored="0" name="Command line test" tests="2" failures="0" timestamp="05 Jun 2018 05:05:22 GMT" time="61.673" errors="0">
  <testcase name="navigateToFragmentSearch" time="33.958" classname="com.org.UI5ExploredBasicStep.NavigateTest"/>
  <testcase name="navigateToMVCSearch" time="27.607" classname="com.org.UI5ExploredBasicStep.NavigateTest"/>
</testsuite> <!-- Command line test -->
