<?xml version="1.0" encoding="UTF-8"?>
<testng-results skipped="0" failed="0" ignored="0" total="2" passed="2">
  <reporter-output>
  </reporter-output>
  <suite name="com.org.UI5ExploredBasicStep.NavigateTest" duration-ms="61673" started-at="2018-06-05T05:04:20Z" finished-at="2018-06-05T05:05:22Z">
    <groups>
    </groups>
    <test name="Command line test" duration-ms="61673" started-at="2018-06-05T05:04:20Z" finished-at="2018-06-05T05:05:22Z">
      <class name="com.org.UI5ExploredBasicStep.NavigateTest">
        <test-method status="PASS" signature="navigateToFragmentSearch()[pri:0, instance:com.org.UI5ExploredBasicStep.NavigateTest@3498ed]" name="navigateToFragmentSearch" duration-ms="33958" started-at="2018-06-05T05:04:20Z" finished-at="2018-06-05T05:04:54Z">
          <reporter-output>
          </reporter-output>
        </test-method> <!-- navigateToFragmentSearch -->
        <test-method status="PASS" signature="navigateToMVCSearch()[pri:0, instance:com.org.UI5ExploredBasicStep.NavigateTest@3498ed]" name="navigateToMVCSearch" duration-ms="27607" started-at="2018-06-05T05:04:54Z" finished-at="2018-06-05T05:05:22Z">
          <reporter-output>
          </reporter-output>
        </test-method> <!-- navigateToMVCSearch -->
      </class> <!-- com.org.UI5ExploredBasicStep.NavigateTest -->
    </test> <!-- Command line test -->
  </suite> <!-- com.org.UI5ExploredBasicStep.NavigateTest -->
</testng-results>
