<?xml version="1.0" encoding="UTF-8"?>
<testng-results skipped="0" failed="0" ignored="0" total="2" passed="2">
  <reporter-output>
  </reporter-output>
  <suite name="Default suite" duration-ms="21369" started-at="2018-06-05T08:49:57Z" finished-at="2018-06-05T08:50:19Z">
    <groups>
    </groups>
    <test name="Default test" duration-ms="21369" started-at="2018-06-05T08:49:57Z" finished-at="2018-06-05T08:50:19Z">
      <class name="com.org.UI5ExploredBasicStep.NavigateTest">
        <test-method status="PASS" signature="navigateToFragmentSearch()[pri:0, instance:com.org.UI5ExploredBasicStep.NavigateTest@70ed52de]" name="navigateToFragmentSearch" duration-ms="10786" started-at="2018-06-05T08:49:57Z" finished-at="2018-06-05T08:50:08Z">
          <reporter-output>
          </reporter-output>
        </test-method> <!-- navigateToFragmentSearch -->
        <test-method status="PASS" signature="navigateToMVCSearch()[pri:0, instance:com.org.UI5ExploredBasicStep.NavigateTest@70ed52de]" name="navigateToMVCSearch" duration-ms="10536" started-at="2018-06-05T08:50:08Z" finished-at="2018-06-05T08:50:19Z">
          <reporter-output>
          </reporter-output>
        </test-method> <!-- navigateToMVCSearch -->
      </class> <!-- com.org.UI5ExploredBasicStep.NavigateTest -->
    </test> <!-- Default test -->
  </suite> <!-- Default suite -->
</testng-results>
