<?xml version="1.0" encoding="UTF-8"?>
<testng-results skipped="0" failed="0" ignored="1" total="2" passed="1">
  <reporter-output>
  </reporter-output>
  <suite name="Default suite" duration-ms="23015" started-at="2018-06-05T04:15:57Z" finished-at="2018-06-05T04:16:20Z">
    <groups>
    </groups>
    <test name="Default test" duration-ms="23015" started-at="2018-06-05T04:15:57Z" finished-at="2018-06-05T04:16:20Z">
      <class name="com.org.UI5ExploredBasicStep.NavigateTest">
        <test-method status="PASS" signature="navigateToFragmentSearch()[pri:0, instance:com.org.UI5ExploredBasicStep.NavigateTest@523884b2]" name="navigateToFragmentSearch" duration-ms="22968" started-at="2018-06-05T04:15:57Z" finished-at="2018-06-05T04:16:20Z">
          <reporter-output>
          </reporter-output>
        </test-method> <!-- navigateToFragmentSearch -->
      </class> <!-- com.org.UI5ExploredBasicStep.NavigateTest -->
    </test> <!-- Default test -->
  </suite> <!-- Default suite -->
</testng-results>
